0 info it worked if it ends with ok
1 verbose cli [ '/Users/robert/nvm/v0.10.15/bin/node',
1 verbose cli   '/Users/robert/nvm/v0.10.15/bin/npm',
1 verbose cli   'test' ]
2 info using npm@1.3.5
3 info using node@v0.10.15
4 error Error: ENOENT, open '/Users/robert/Dropbox/Projects/js/node-nrepl-client/examples/lively-connect/package.json'
5 error If you need help, you may report this log at:
5 error     <http://github.com/isaacs/npm/issues>
5 error or email it to:
5 error     <npm-@googlegroups.com>
6 error System Darwin 13.0.0
7 error command "/Users/robert/nvm/v0.10.15/bin/node" "/Users/robert/nvm/v0.10.15/bin/npm" "test"
8 error cwd /Users/robert/Dropbox/Projects/js/node-nrepl-client/examples/lively-connect
9 error node -v v0.10.15
10 error npm -v 1.3.5
11 error path /Users/robert/Dropbox/Projects/js/node-nrepl-client/examples/lively-connect/package.json
12 error code ENOENT
13 error errno 34
14 verbose exit [ 34, true ]
